TN:
SF:src/funko.ts
FNF:0
FNH:0
DA:1,1
DA:2,1
DA:3,1
DA:4,1
DA:5,1
DA:6,1
DA:7,1
DA:8,1
DA:9,1
DA:10,1
DA:11,1
DA:12,1
DA:13,1
DA:14,1
DA:15,1
DA:16,1
DA:17,1
DA:18,1
DA:19,1
DA:20,1
DA:21,1
DA:22,1
DA:23,1
DA:24,1
DA:25,1
DA:26,1
DA:27,1
DA:28,1
DA:29,1
DA:30,1
DA:31,1
DA:32,1
DA:33,1
DA:34,1
DA:35,1
DA:36,1
DA:37,1
DA:38,1
DA:39,1
DA:40,1
LF:40
LH:40
BRDA:5,0,0,1
BRDA:16,1,0,1
BRF:2
BRH:2
end_of_record
TN:
SF:src/funkoOperations.ts
FN:9,<instance_members_initializer>
FN:17,FunkoOperations
FN:27,addFunko
FN:43,updateFunko
FN:59,deleteFunko
FN:75,findFunko
FN:84,listFunkos
FN:104,getFunkoById
FN:112,toString
FN:130,printFunkoInfo
FN:149,getMarketValueColor
FN:166,loadFunkos
FN:185,saveFunko
FN:196,deleteFunkoFile
FNF:14
FNH:14
FNDA:12,<instance_members_initializer>
FNDA:12,FunkoOperations
FNDA:7,addFunko
FNDA:3,updateFunko
FNDA:2,deleteFunko
FNDA:7,findFunko
FNDA:2,listFunkos
FNDA:2,getFunkoById
FNDA:2,toString
FNDA:1,printFunkoInfo
FNDA:7,getMarketValueColor
FNDA:12,loadFunkos
FNDA:7,saveFunko
FNDA:1,deleteFunkoFile
DA:1,1
DA:2,1
DA:3,1
DA:4,1
DA:5,1
DA:6,1
DA:7,1
DA:8,1
DA:9,1
DA:10,12
DA:11,12
DA:12,12
DA:13,12
DA:14,12
DA:15,12
DA:16,12
DA:17,12
DA:18,12
DA:19,12
DA:20,12
DA:21,12
DA:22,12
DA:23,12
DA:24,12
DA:25,12
DA:26,12
DA:27,12
DA:28,7
DA:29,7
DA:30,1
DA:31,7
DA:32,6
DA:33,6
DA:34,6
DA:35,6
DA:36,7
DA:37,12
DA:38,12
DA:39,12
DA:40,12
DA:41,12
DA:42,12
DA:43,12
DA:44,3
DA:45,3
DA:46,1
DA:47,1
DA:48,1
DA:49,3
DA:50,2
DA:51,2
DA:52,3
DA:53,12
DA:54,12
DA:55,12
DA:56,12
DA:57,12
DA:58,12
DA:59,12
DA:60,2
DA:61,2
DA:62,1
DA:63,1
DA:64,1
DA:65,1
DA:66,1
DA:67,1
DA:68,2
DA:69,12
DA:70,12
DA:71,12
DA:72,12
DA:73,12
DA:74,12
DA:75,12
DA:76,7
DA:77,7
DA:78,12
DA:79,12
DA:80,12
DA:81,12
DA:82,12
DA:83,12
DA:84,12
DA:85,2
DA:86,1
DA:87,1
DA:88,1
DA:89,1
DA:90,1
DA:91,1
DA:92,1
DA:93,1
DA:94,1
DA:95,1
DA:96,1
DA:97,12
DA:98,12
DA:99,12
DA:100,12
DA:101,12
DA:102,12
DA:103,12
DA:104,12
DA:105,2
DA:106,2
DA:107,1
DA:108,1
DA:109,1
DA:110,1
DA:111,12
DA:112,12
DA:113,2
DA:114,2
DA:115,2
DA:116,2
DA:117,2
DA:118,2
DA:119,2
DA:120,2
DA:121,2
DA:122,2
DA:123,2
DA:124,2
DA:125,12
DA:126,12
DA:127,12
DA:128,12
DA:129,12
DA:130,12
DA:131,1
DA:132,1
DA:133,1
DA:134,1
DA:135,1
DA:136,1
DA:137,1
DA:138,1
DA:139,1
DA:140,1
DA:141,1
DA:142,1
DA:143,12
DA:144,12
DA:145,12
DA:146,12
DA:147,12
DA:148,12
DA:149,12
DA:150,7
DA:151,1
DA:152,7
DA:153,4
DA:154,6
DA:155,1
DA:156,1
DA:157,1
DA:158,1
DA:159,7
DA:160,12
DA:161,12
DA:162,12
DA:163,12
DA:164,12
DA:165,12
DA:166,12
DA:167,12
DA:168,0
DA:169,0
DA:170,12
DA:171,12
DA:172,12
DA:173,12
DA:174,0
DA:175,0
DA:176,0
DA:177,12
DA:178,12
DA:179,12
DA:180,12
DA:181,12
DA:182,12
DA:183,12
DA:184,12
DA:185,12
DA:186,7
DA:187,7
DA:188,7
DA:189,7
DA:190,12
DA:191,12
DA:192,12
DA:193,12
DA:194,12
DA:195,12
DA:196,12
DA:197,1
DA:198,1
DA:199,1
DA:200,12
LF:200
LH:195
BRDA:9,0,0,12
BRDA:17,1,0,12
BRDA:27,2,0,7
BRDA:29,3,0,1
BRDA:31,4,0,6
BRDA:43,5,0,3
BRDA:45,6,0,1
BRDA:49,7,0,2
BRDA:44,8,0,1
BRDA:59,9,0,2
BRDA:61,10,0,1
BRDA:60,11,0,1
BRDA:75,12,0,7
BRDA:76,13,0,1
BRDA:84,14,0,2
BRDA:85,15,0,1
BRDA:104,16,0,2
BRDA:106,17,0,1
BRDA:105,18,0,1
BRDA:112,19,0,2
BRDA:130,20,0,1
BRDA:149,21,0,7
BRDA:150,22,0,1
BRDA:152,23,0,6
BRDA:152,24,0,4
BRDA:154,25,0,2
BRDA:154,26,0,1
BRDA:166,27,0,12
BRDA:167,28,0,0
BRDA:185,29,0,7
BRDA:196,30,0,1
BRF:31
BRH:30
end_of_record
