TN:
SF:src/Mochila.ts
FN:37,procesar
FN:72,extraerDatosJSON
FN:80,extraerDatosCSV
FN:104,extraerDatosCSV
FN:112,extraerDatosJSON
FNF:5
FNH:3
FNDA:7,procesar
FNDA:0,extraerDatosJSON
FNDA:2,extraerDatosCSV
FNDA:0,extraerDatosCSV
FNDA:2,extraerDatosJSON
DA:1,1
DA:2,1
DA:3,1
DA:4,1
DA:5,1
DA:6,1
DA:7,1
DA:8,1
DA:9,1
DA:10,1
DA:11,1
DA:12,1
DA:13,1
DA:14,1
DA:15,1
DA:16,1
DA:17,1
DA:18,1
DA:19,1
DA:20,1
DA:21,1
DA:22,1
DA:23,1
DA:24,1
DA:25,1
DA:26,1
DA:27,1
DA:28,1
DA:29,1
DA:30,1
DA:31,1
DA:32,1
DA:33,1
DA:34,1
DA:35,1
DA:36,1
DA:37,1
DA:38,7
DA:39,2
DA:40,2
DA:41,5
DA:42,7
DA:43,7
DA:44,7
DA:45,7
DA:46,2
DA:47,2
DA:48,7
DA:49,2
DA:50,2
DA:51,3
DA:52,1
DA:53,1
DA:54,4
DA:55,4
DA:56,4
DA:57,4
DA:58,4
DA:59,4
DA:60,1
DA:61,1
DA:62,1
DA:63,1
DA:64,1
DA:65,1
DA:66,1
DA:67,1
DA:68,1
DA:69,1
DA:70,1
DA:71,1
DA:72,1
DA:73,0
DA:74,0
DA:75,1
DA:76,1
DA:77,1
DA:78,1
DA:79,1
DA:80,1
DA:81,2
DA:82,2
DA:83,2
DA:84,2
DA:85,2
DA:86,10
DA:87,10
DA:88,2
DA:89,2
DA:90,2
DA:91,2
DA:92,1
DA:93,1
DA:94,1
DA:95,1
DA:96,1
DA:97,1
DA:98,1
DA:99,1
DA:100,1
DA:101,1
DA:102,1
DA:103,1
DA:104,1
DA:105,0
DA:106,0
DA:107,1
DA:108,1
DA:109,1
DA:110,1
DA:111,1
DA:112,1
DA:113,2
DA:114,2
DA:115,2
DA:116,10
DA:117,10
DA:118,10
DA:119,2
DA:120,2
DA:121,2
DA:122,2
DA:123,1
DA:124,1
DA:125,1
DA:126,1
DA:127,1
DA:128,1
DA:129,1
DA:130,1
DA:131,1
DA:132,1
LF:132
LH:128
BRDA:37,0,0,7
BRDA:38,1,0,2
BRDA:41,2,0,5
BRDA:42,3,0,0
BRDA:45,4,0,2
BRDA:48,5,0,3
BRDA:48,6,0,2
BRDA:51,7,0,1
BRDA:54,8,0,4
BRDA:55,9,0,20
BRDA:56,10,0,20
BRDA:80,11,0,2
BRDA:85,12,0,10
BRDA:112,13,0,2
BRDA:115,14,0,10
BRF:15
BRH:14
end_of_record
TN:
SF:src/funko.ts
FNF:0
FNH:0
DA:1,1
DA:2,1
DA:3,1
DA:4,1
DA:5,1
DA:6,1
DA:7,1
DA:8,1
DA:9,1
DA:10,1
DA:11,1
DA:12,1
DA:13,1
DA:14,1
DA:15,1
DA:16,1
DA:17,1
DA:18,1
DA:19,1
DA:20,1
DA:21,1
DA:22,1
DA:23,1
DA:24,1
DA:25,1
DA:26,1
DA:27,1
DA:28,1
DA:29,1
DA:30,1
DA:31,1
DA:32,1
DA:33,1
DA:34,1
DA:35,1
DA:36,1
DA:37,1
DA:38,1
DA:39,1
DA:40,1
LF:40
LH:40
BRDA:5,0,0,1
BRDA:16,1,0,1
BRF:2
BRH:2
end_of_record
TN:
SF:src/funkoOperations.ts
FN:9,<instance_members_initializer>
FN:17,FunkoOperations
FN:27,addFunko
FN:43,updateFunko
FN:59,deleteFunko
FN:75,findFunko
FN:84,listFunkos
FN:102,getFunkoById
FN:115,printFunkoInfo
FN:134,getMarketValueColor
FN:151,loadFunkos
FN:170,saveFunko
FN:181,deleteFunkoFile
FNF:13
FNH:13
FNDA:12,<instance_members_initializer>
FNDA:12,FunkoOperations
FNDA:7,addFunko
FNDA:2,updateFunko
FNDA:2,deleteFunko
FNDA:7,findFunko
FNDA:2,listFunkos
FNDA:2,getFunkoById
FNDA:3,printFunkoInfo
FNDA:7,getMarketValueColor
FNDA:12,loadFunkos
FNDA:7,saveFunko
FNDA:1,deleteFunkoFile
DA:1,1
DA:2,1
DA:3,1
DA:4,1
DA:5,1
DA:6,1
DA:7,1
DA:8,1
DA:9,1
DA:10,12
DA:11,12
DA:12,12
DA:13,12
DA:14,12
DA:15,12
DA:16,12
DA:17,12
DA:18,12
DA:19,12
DA:20,12
DA:21,12
DA:22,12
DA:23,12
DA:24,12
DA:25,12
DA:26,12
DA:27,12
DA:28,7
DA:29,7
DA:30,1
DA:31,7
DA:32,6
DA:33,6
DA:34,6
DA:35,6
DA:36,7
DA:37,12
DA:38,12
DA:39,12
DA:40,12
DA:41,12
DA:42,12
DA:43,12
DA:44,2
DA:45,2
DA:46,1
DA:47,1
DA:48,1
DA:49,1
DA:50,1
DA:51,1
DA:52,2
DA:53,12
DA:54,12
DA:55,12
DA:56,12
DA:57,12
DA:58,12
DA:59,12
DA:60,2
DA:61,2
DA:62,1
DA:63,1
DA:64,1
DA:65,1
DA:66,1
DA:67,1
DA:68,2
DA:69,12
DA:70,12
DA:71,12
DA:72,12
DA:73,12
DA:74,12
DA:75,12
DA:76,7
DA:77,7
DA:78,12
DA:79,12
DA:80,12
DA:81,12
DA:82,12
DA:83,12
DA:84,12
DA:85,2
DA:86,1
DA:87,1
DA:88,1
DA:89,1
DA:90,1
DA:91,1
DA:92,1
DA:93,1
DA:94,1
DA:95,12
DA:96,12
DA:97,12
DA:98,12
DA:99,12
DA:100,12
DA:101,12
DA:102,12
DA:103,2
DA:104,2
DA:105,1
DA:106,1
DA:107,1
DA:108,1
DA:109,1
DA:110,12
DA:111,12
DA:112,12
DA:113,12
DA:114,12
DA:115,12
DA:116,3
DA:117,3
DA:118,3
DA:119,3
DA:120,3
DA:121,3
DA:122,3
DA:123,3
DA:124,3
DA:125,3
DA:126,3
DA:127,3
DA:128,12
DA:129,12
DA:130,12
DA:131,12
DA:132,12
DA:133,12
DA:134,12
DA:135,7
DA:136,1
DA:137,7
DA:138,4
DA:139,6
DA:140,1
DA:141,1
DA:142,1
DA:143,1
DA:144,7
DA:145,12
DA:146,12
DA:147,12
DA:148,12
DA:149,12
DA:150,12
DA:151,12
DA:152,12
DA:153,0
DA:154,0
DA:155,12
DA:156,12
DA:157,12
DA:158,12
DA:159,0
DA:160,0
DA:161,0
DA:162,12
DA:163,12
DA:164,12
DA:165,12
DA:166,12
DA:167,12
DA:168,12
DA:169,12
DA:170,12
DA:171,7
DA:172,7
DA:173,7
DA:174,7
DA:175,12
DA:176,12
DA:177,12
DA:178,12
DA:179,12
DA:180,12
DA:181,12
DA:182,1
DA:183,1
DA:184,1
DA:185,12
LF:185
LH:180
BRDA:9,0,0,12
BRDA:17,1,0,12
BRDA:27,2,0,7
BRDA:29,3,0,1
BRDA:31,4,0,6
BRDA:43,5,0,2
BRDA:45,6,0,1
BRDA:44,7,0,1
BRDA:59,8,0,2
BRDA:61,9,0,1
BRDA:60,10,0,1
BRDA:75,11,0,7
BRDA:76,12,0,1
BRDA:84,13,0,2
BRDA:85,14,0,1
BRDA:102,15,0,2
BRDA:104,16,0,1
BRDA:103,17,0,1
BRDA:115,18,0,3
BRDA:134,19,0,7
BRDA:135,20,0,1
BRDA:137,21,0,6
BRDA:137,22,0,4
BRDA:139,23,0,2
BRDA:139,24,0,1
BRDA:151,25,0,12
BRDA:152,26,0,0
BRDA:170,27,0,7
BRDA:181,28,0,1
BRF:29
BRH:28
end_of_record
